<?xml version="1.0" encoding="UTF-8"?>
<!-- Generated by org.testng.reporters.JUnitXMLReporter -->
<testsuite hostname="DESKTOP-SSRN99G" ignored="0" name="ChromeTest" tests="6" failures="0" timestamp="06 Sep 2023 06:07:33 GMT" time="25.093" errors="0">
  <testcase name="@BeforeClass browser" time="0.0" classname="org.task.LoginClass">
    <failure type="org.openqa.selenium.SessionNotCreatedException" message="session not created: This version of ChromeDriver only supports Chrome version 114
Current browser version is 116.0.5845.142 with binary path C:\Program Files\Google\Chrome\Application\chrome.exe
Build info: version: &amp;apos;3.141.59&amp;apos;, revision: &amp;apos;e82be7d358&amp;apos;, time: &amp;apos;2018-11-14T08:17:03&amp;apos;
System info: host: &amp;apos;DESKTOP-SSRN99G&amp;apos;, ip: &amp;apos;192.168.1.3&amp;apos;, os.name: &amp;apos;Windows 10&amp;apos;, os.arch: &amp;apos;amd64&amp;apos;, os.version: &amp;apos;10.0&amp;apos;, java.version: &amp;apos;1.8.0_202&amp;apos;
Driver info: driver.version: ChromeDriver
remote stacktrace: Backtrace:
	GetHandleVerifier [0x007FA813+48355]
	(No symbol) [0x0078C4B1]
	(No symbol) [0x00695358]
	(No symbol) [0x006B61AC]
	(No symbol) [0x006B1EF3]
	(No symbol) [0x006B0579]
	(No symbol) [0x006E0C55]
	(No symbol) [0x006E093C]
	(No symbol) [0x006DA536]
	(No symbol) [0x006B82DC]
	(No symbol) [0x006B93DD]
	GetHandleVerifier [0x00A5AABD+2539405]
	GetHandleVerifier [0x00A9A78F+2800735]
	GetHandleVerifier [0x00A9456C+2775612]
	GetHandleVerifier [0x008851E0+616112]
	(No symbol) [0x00795F8C]
	(No symbol) [0x00792328]
	(No symbol) [0x0079240B]
	(No symbol) [0x00784FF7]
	BaseThreadInitThunk [0x74DA00C9+25]
	RtlGetAppContainerNamedObjectPath [0x76F27B1E+286]
	RtlGetAppContainerNamedObjectPath [0x76F27AEE+238]
">
      <![CDATA[org.openqa.selenium.SessionNotCreatedException: session not created: This version of ChromeDriver only supports Chrome version 114
Current browser version is 116.0.5845.142 with binary path C:\Program Files\Google\Chrome\Application\chrome.exe
Build info: version: '3.141.59', revision: 'e82be7d358', time: '2018-11-14T08:17:03'
System info: host: 'DESKTOP-SSRN99G', ip: '192.168.1.3', os.name: 'Windows 10', os.arch: 'amd64', os.version: '10.0', java.version: '1.8.0_202'
Driver info: driver.version: ChromeDriver
remote stacktrace: Backtrace:
	GetHandleVerifier [0x007FA813+48355]
	(No symbol) [0x0078C4B1]
	(No symbol) [0x00695358]
	(No symbol) [0x006B61AC]
	(No symbol) [0x006B1EF3]
	(No symbol) [0x006B0579]
	(No symbol) [0x006E0C55]
	(No symbol) [0x006E093C]
	(No symbol) [0x006DA536]
	(No symbol) [0x006B82DC]
	(No symbol) [0x006B93DD]
	GetHandleVerifier [0x00A5AABD+2539405]
	GetHandleVerifier [0x00A9A78F+2800735]
	GetHandleVerifier [0x00A9456C+2775612]
	GetHandleVerifier [0x008851E0+616112]
	(No symbol) [0x00795F8C]
	(No symbol) [0x00792328]
	(No symbol) [0x0079240B]
	(No symbol) [0x00784FF7]
	BaseThreadInitThunk [0x74DA00C9+25]
	RtlGetAppContainerNamedObjectPath [0x76F27B1E+286]
	RtlGetAppContainerNamedObjectPath [0x76F27AEE+238]

	at org.openqa.selenium.remote.W3CHandshakeResponse.lambda$errorHandler$0(W3CHandshakeResponse.java:62)
	at org.openqa.selenium.remote.HandshakeResponse.lambda$getResponseFunction$0(HandshakeResponse.java:30)
	at org.openqa.selenium.remote.ProtocolHandshake.lambda$createSession$0(ProtocolHandshake.java:126)
	at java.util.stream.ReferencePipeline$3$1.accept(ReferencePipeline.java:193)
	at java.util.Spliterators$ArraySpliterator.tryAdvance(Spliterators.java:958)
	at java.util.stream.ReferencePipeline.forEachWithCancel(ReferencePipeline.java:126)
	at java.util.stream.AbstractPipeline.copyIntoWithCancel(AbstractPipeline.java:498)
	at java.util.stream.AbstractPipeline.copyInto(AbstractPipeline.java:485)
	at java.util.stream.AbstractPipeline.wrapAndCopyInto(AbstractPipeline.java:471)
	at java.util.stream.FindOps$FindOp.evaluateSequential(FindOps.java:152)
	at java.util.stream.AbstractPipeline.evaluate(AbstractPipeline.java:234)
	at java.util.stream.ReferencePipeline.findFirst(ReferencePipeline.java:464)
	at org.openqa.selenium.remote.ProtocolHandshake.createSession(ProtocolHandshake.java:128)
	at org.openqa.selenium.remote.ProtocolHandshake.createSession(ProtocolHandshake.java:74)
	at org.openqa.selenium.remote.HttpCommandExecutor.execute(HttpCommandExecutor.java:136)
	at org.openqa.selenium.remote.service.DriverCommandExecutor.execute(DriverCommandExecutor.java:83)
	at org.openqa.selenium.remote.RemoteWebDriver.execute(RemoteWebDriver.java:552)
	at org.openqa.selenium.remote.RemoteWebDriver.startSession(RemoteWebDriver.java:213)
	at org.openqa.selenium.remote.RemoteWebDriver.<init>(RemoteWebDriver.java:131)
	at org.openqa.selenium.chrome.ChromeDriver.<init>(ChromeDriver.java:181)
	at org.openqa.selenium.chrome.ChromeDriver.<init>(ChromeDriver.java:168)
	at org.openqa.selenium.chrome.ChromeDriver.<init>(ChromeDriver.java:123)
	at org.base.BaseClass.launchBrowser(BaseClass.java:249)
	at org.task.LoginClass.browser(LoginClass.java:27)
... Removed 29 stack frames]]>
    </failure>
  </testcase> <!-- @BeforeClass browser -->
  <testcase name="tc1" time="0.023" classname="org.task.LoginClass">
    <skipped/>
  </testcase> <!-- tc1 -->
  <testcase name="tc2" time="0.002" classname="org.task.LoginClass">
    <skipped/>
  </testcase> <!-- tc2 -->
  <testcase name="tc2" time="0.002" classname="org.task.LoginClass">
    <skipped/>
  </testcase> <!-- tc2 -->
  <testcase name="tc3" time="0.002" classname="org.task.LoginClass">
    <skipped/>
  </testcase> <!-- tc3 -->
  <testcase name="tc4" time="0.002" classname="org.task.LoginClass">
    <skipped/>
  </testcase> <!-- tc4 -->
  <testcase name="tc4" time="0.002" classname="org.task.LoginClass">
    <skipped/>
  </testcase> <!-- tc4 -->
</testsuite> <!-- ChromeTest -->
