<?xml version="1.0" encoding="UTF-8"?>
<!-- Generated by org.testng.reporters.JUnitXMLReporter -->
<testsuite hostname="DESKTOP-SSRN99G" ignored="0" name="EdgeTest" tests="6" failures="1" timestamp="06 Sep 2023 06:08:07 GMT" time="34.715" errors="0">
  <testcase name="tc1" time="8.894" classname="org.task.LoginClass">
    <failure type="java.lang.AssertionError" message="The following asserts failed:
	Check Page Title expected [true] but found [false]">
      <![CDATA[java.lang.AssertionError: The following asserts failed:
	Check Page Title expected [true] but found [false]
	at org.task.LoginClass.tc1(LoginClass.java:61)
... Removed 26 stack frames]]>
    </failure>
  </testcase> <!-- tc1 -->
  <testcase name="tc2" time="4.521" classname="org.task.LoginClass"/>
  <testcase name="tc2" time="2.481" classname="org.task.LoginClass"/>
  <testcase name="tc3" time="1.686" classname="org.task.LoginClass"/>
  <testcase name="tc4" time="1.356" classname="org.task.LoginClass"/>
  <testcase name="tc4" time="1.486" classname="org.task.LoginClass"/>
</testsuite> <!-- EdgeTest -->
