<?xml version="1.0" encoding="UTF-8"?>
<!-- Generated by org.testng.reporters.JUnitXMLReporter -->
<testsuite hostname="DESKTOP-SSRN99G" ignored="0" name="Test" tests="9" failures="1" timestamp="06 Sep 2023 12:13:53 GMT" time="70.94" errors="0">
  <testcase name="tc1" time="19.645" classname="org.task.LoginClass">
    <skipped/>
  </testcase> <!-- tc1 -->
  <testcase name="tc1" time="1.939" classname="org.task.LoginClass">
    <skipped/>
  </testcase> <!-- tc1 -->
  <testcase name="tc1" time="1.847" classname="org.task.LoginClass">
    <skipped/>
  </testcase> <!-- tc1 -->
  <testcase name="tc1" time="2.012" classname="org.task.LoginClass">
    <failure type="java.lang.AssertionError" message="The following asserts failed:
	Check Page Title expected [true] but found [false]">
      <![CDATA[java.lang.AssertionError: The following asserts failed:
	Check Page Title expected [true] but found [false]
	at org.task.LoginClass.tc1(LoginClass.java:62)
... Removed 26 stack frames]]>
    </failure>
  </testcase> <!-- tc1 -->
  <testcase name="tc2" time="5.766" classname="org.task.LoginClass"/>
  <testcase name="tc2" time="2.674" classname="org.task.LoginClass"/>
  <testcase name="tc3" time="2.057" classname="org.task.LoginClass"/>
  <testcase name="tc4" time="1.319" classname="org.task.LoginClass"/>
  <testcase name="tc4" time="1.173" classname="org.task.LoginClass"/>
</testsuite> <!-- Test -->
